--- _config_interactive_skills 02:39:17 ---
  catalog_skills output lines: 1
  names count: 0
  display count: 0
--- _config_interactive_skills 02:40:21 ---
  catalog_skills output lines: 14
  names count: 14
  display count: 14
  showing gum with 16 options
  choice: [0]
--- _config_interactive_skills 02:40:22 ---
  catalog_skills output lines: 14
  names count: 14
  display count: 14
  showing gum with 16 options
  choice: [1]
--- _config_interactive_skills 02:41:51 ---
  catalog_skills output lines: 14
  names count: 14
  display count: 14
  showing gum with 16 options
